0 info it worked if it ends with ok
1 verbose cli [ 'node', '/usr/local/bin/npm', '-g', 'install', 'weinre' ]
2 info using npm@2.11.3
3 info using node@v0.12.7
4 verbose install initial load of /usr/local/lib/package.json
5 verbose readDependencies loading dependencies from /usr/local/lib/package.json
6 silly cache add args [ 'weinre', null ]
7 verbose cache add spec weinre
8 silly cache add parsed spec { raw: 'weinre',
8 silly cache add   scope: null,
8 silly cache add   name: 'weinre',
8 silly cache add   rawSpec: '',
8 silly cache add   spec: '*',
8 silly cache add   type: 'range' }
9 silly addNamed weinre@*
10 verbose addNamed "*" is a valid semver range for weinre
11 silly addNameRange { name: 'weinre', range: '*', hasData: false }
12 silly mapToRegistry name weinre
13 silly mapToRegistry using default registry
14 silly mapToRegistry registry https://registry.npmjs.org/
15 silly mapToRegistry uri https://registry.npmjs.org/weinre
16 verbose addNameRange registry:https://registry.npmjs.org/weinre not in flight; fetching
17 verbose get https://registry.npmjs.org/weinre not expired, no request
18 silly addNameRange number 2 { name: 'weinre', range: '*', hasData: true }
19 silly addNameRange versions [ 'weinre',
19 silly addNameRange   [ '2.0.0-pre-H0WTHDO5-incubating',
19 silly addNameRange     '2.0.0-pre-H1GCS73N-incubating',
19 silly addNameRange     '2.0.0-pre-H3FWTQKQ-incubating',
19 silly addNameRange     '2.0.0-pre-H41DGW8S-incubating',
19 silly addNameRange     '2.0.0-pre-H8EOSCLN-incubating',
19 silly addNameRange     '2.0.0-pre-H9PU2WST-incubating',
19 silly addNameRange     '2.0.0-pre-HA5N9T49',
19 silly addNameRange     '2.0.0-pre-HG9PLCRF',
19 silly addNameRange     '2.0.0-pre-HH0SN197',
19 silly addNameRange     '2.0.0-pre-HYFXM3QM',
19 silly addNameRange     '2.0.0-pre-HZ79PDUK',
19 silly addNameRange     '2.0.0-pre-HZO3BMNG',
19 silly addNameRange     '2.0.0-pre-I0Z7U9OV' ] ]
20 verbose stack Error: No compatible version found: weinre@'*'
20 verbose stack Valid install targets:
20 verbose stack ["2.0.0-pre-H0WTHDO5-incubating","2.0.0-pre-H1GCS73N-incubating","2.0.0-pre-H3FWTQKQ-incubating","2.0.0-pre-H41DGW8S-incubating","2.0.0-pre-H8EOSCLN-incubating","2.0.0-pre-H9PU2WST-incubating","2.0.0-pre-HA5N9T49","2.0.0-pre-HG9PLCRF","2.0.0-pre-HH0SN197","2.0.0-pre-HYFXM3QM","2.0.0-pre-HZ79PDUK","2.0.0-pre-HZO3BMNG","2.0.0-pre-I0Z7U9OV"]
20 verbose stack
20 verbose stack     at installTargetsError (/usr/local/lib/node_modules/npm/lib/cache/add-named.js:274:12)
20 verbose stack     at next (/usr/local/lib/node_modules/npm/lib/cache/add-named.js:253:17)
20 verbose stack     at setData (/usr/local/lib/node_modules/npm/lib/cache/add-named.js:230:5)
20 verbose stack     at RES (/usr/local/lib/node_modules/npm/node_modules/inflight/inflight.js:23:14)
20 verbose stack     at f (/usr/local/lib/node_modules/npm/node_modules/once/once.js:17:25)
20 verbose stack     at fixName (/usr/local/lib/node_modules/npm/lib/cache/add-named.js:29:5)
20 verbose stack     at CachingRegistryClient.get_ (/usr/local/lib/node_modules/npm/lib/cache/caching-client.js:125:16)
20 verbose stack     at /usr/local/lib/node_modules/npm/lib/cache/caching-client.js:91:14
20 verbose stack     at evalmachine.<anonymous>:334:14
20 verbose stack     at /usr/local/lib/node_modules/npm/node_modules/graceful-fs/graceful-fs.js:102:5
21 verbose cwd /Users/liuqingling/cordova/hello
22 error Darwin 14.4.0
23 error argv "node" "/usr/local/bin/npm" "-g" "install" "weinre"
24 error node v0.12.7
25 error npm  v2.11.3
26 error code ETARGET
27 error notarget No compatible version found: weinre@'*'
27 error notarget Valid install targets:
27 error notarget ["2.0.0-pre-H0WTHDO5-incubating","2.0.0-pre-H1GCS73N-incubating","2.0.0-pre-H3FWTQKQ-incubating","2.0.0-pre-H41DGW8S-incubating","2.0.0-pre-H8EOSCLN-incubating","2.0.0-pre-H9PU2WST-incubating","2.0.0-pre-HA5N9T49","2.0.0-pre-HG9PLCRF","2.0.0-pre-HH0SN197","2.0.0-pre-HYFXM3QM","2.0.0-pre-HZ79PDUK","2.0.0-pre-HZO3BMNG","2.0.0-pre-I0Z7U9OV"]
27 error notarget
27 error notarget This is most likely not a problem with npm itself.
27 error notarget In most cases you or one of your dependencies are requesting
27 error notarget a package version that doesn't exist.
28 verbose exit [ 1, true ]
